<?xml version="1.0" encoding="UTF-8"?>
<testng-results ignored="0" total="1" passed="1" failed="0" skipped="0">
  <reporter-output>
  </reporter-output>
  <suite started-at="2022-06-23T10:30:23 ICT" name="Default suite" finished-at="2022-06-23T10:31:55 ICT" duration-ms="92414">
    <groups>
    </groups>
    <test started-at="2022-06-23T10:30:23 ICT" name="Default test" finished-at="2022-06-23T10:31:55 ICT" duration-ms="92414">
      <class name="com.nexsoft.calendar.AppiumContactDiary">
        <test-method signature="init()[pri:0, instance:com.nexsoft.calendar.AppiumContactDiary@2034b64c]" started-at="2022-06-23T10:30:23 ICT" name="init" finished-at="2022-06-23T10:31:55 ICT" duration-ms="92381" status="PASS">
          <reporter-output>
          </reporter-output>
        </test-method> <!-- init -->
      </class> <!-- com.nexsoft.calendar.AppiumContactDiary -->
    </test> <!-- Default test -->
  </suite> <!-- Default suite -->
</testng-results>
